CameraNdco/app/build/outputs/logs/manifest-merger-debug-report.txt
-- Merging decision tree log ---
manifest
ADDED from src/main/AndroidManifest.xml:2:1-47:12
	package
		ADDED from src/main/AndroidManifest.xml:3:5-35
		INJECTED from src/main/AndroidManifest.xml
		INJECTED from src/main/AndroidManifest.xml
	android:versionName
		INJECTED from src/main/AndroidManifest.xml
		INJECTED from src/main/AndroidManifest.xml
	xmlns:android
		ADDED from src/main/AndroidManifest.xml:2:11-69
	android:versionCode
		INJECTED from src/main/AndroidManifest.xml
		INJECTED from src/main/AndroidManifest.xml
uses-permission#android.permission.CAMERA
ADDED from src/main/AndroidManifest.xml:5:5-65
MERGED from [CameraNdco:ncameralib:unspecified] AndroidManifest.xml:11:5-65
	android:name
		ADDED from src/main/AndroidManifest.xml:5:22-62
uses-permission#android.permission.WRITE_EXTERNAL_STORAGE
ADDED from src/main/AndroidManifest.xml:6:5-81
MERGED from [CameraNdco:ncameralib:unspecified] AndroidManifest.xml:12:5-81
MERGED from [CameraNdco:ncameralib:unspecified] AndroidManifest.xml:14:5-81
	android:name
		ADDED from src/main/AndroidManifest.xml:6:22-78
uses-permission#android.permission.MOUNT_UNMOUNT_FILESYSTEMS
ADDED from src/main/AndroidManifest.xml:7:5-83
MERGED from [CameraNdco:ncameralib:unspecified] AndroidManifest.xml:13:5-84
	android:name
		ADDED from src/main/AndroidManifest.xml:7:22-81
uses-permission#android.permission.READ_EXTERNAL_STORAGE
ADDED from src/main/AndroidManifest.xml:9:5-79
MERGED from [CameraNdco:ncameralib:unspecified] AndroidManifest.xml:15:5-80
	android:name
		ADDED from src/main/AndroidManifest.xml:9:22-77
uses-feature#android.hardware.camera
ADDED from src/main/AndroidManifest.xml:10:5-60
MERGED from [CameraNdco:ncameralib:unspecified] AndroidManifest.xml:17:5-60
	android:name
		ADDED from src/main/AndroidManifest.xml:10:19-57
uses-feature#android.hardware.camera.autofocus
ADDED from src/main/AndroidManifest.xml:11:5-70
MERGED from [CameraNdco:ncameralib:unspecified] AndroidManifest.xml:18:5-70
	android:name
		ADDED from src/main/AndroidManifest.xml:11:19-67
application
ADDED from src/main/AndroidManifest.xml:14:5-45:19
MERGED from [CameraNdco:ncameralib:unspecified] AndroidManifest.xml:20:5-40:19
MERGED from [com.android.support:appcompat-v7:22.2.1] AndroidManifest.xml:22:5-20
MERGED from [com.android.support:support-v4:22.2.1] AndroidManifest.xml:22:5-20
	android:label
		ADDED from src/main/AndroidManifest.xml:17:9-41
	android:supportsRtl
		ADDED from src/main/AndroidManifest.xml:18:9-35
	android:allowBackup
		ADDED from src/main/AndroidManifest.xml:15:9-35
	android:icon
		ADDED from src/main/AndroidManifest.xml:16:9-43
	android:theme
		ADDED from src/main/AndroidManifest.xml:19:9-65
activity#com.zuk.camerasample.MainActivity
ADDED from src/main/AndroidManifest.xml:22:9-29:20
	android:screenOrientation
		ADDED from src/main/AndroidManifest.xml:23:13-49
	android:name
		ADDED from src/main/AndroidManifest.xml:22:19-47
intent-filter#android.intent.action.MAIN+android.intent.category.LAUNCHER
ADDED from src/main/AndroidManifest.xml:25:13-28:29
action#android.intent.action.MAIN
ADDED from src/main/AndroidManifest.xml:26:17-69
	android:name
		ADDED from src/main/AndroidManifest.xml:26:25-66
category#android.intent.category.LAUNCHER
ADDED from src/main/AndroidManifest.xml:27:17-77
	android:name
		ADDED from src/main/AndroidManifest.xml:27:27-74
activity#com.zuk.camerasample.MainCameraActivity
ADDED from src/main/AndroidManifest.xml:31:9-35:20
	android:screenOrientation
		ADDED from src/main/AndroidManifest.xml:31:55-91
	android:name
		ADDED from src/main/AndroidManifest.xml:31:20-54
intent-filter#android.intent.category.LAUNCHER
ADDED from src/main/AndroidManifest.xml:32:13-34:29
activity#com.zuk.camerasample.Demo1CameraActivity
ADDED from src/main/AndroidManifest.xml:37:9-42:20
	android:screenOrientation
		ADDED from src/main/AndroidManifest.xml:38:13-50
	android:name
		ADDED from src/main/AndroidManifest.xml:37:20-75
uses-sdk
INJECTED from src/main/AndroidManifest.xml reason: use-sdk injection requested
MERGED from [CameraNdco:ncameralib:unspecified] AndroidManifest.xml:7:5-9:41
MERGED from [com.android.support:appcompat-v7:22.2.1] AndroidManifest.xml:20:5-43
MERGED from [com.android.support:support-v4:22.2.1] AndroidManifest.xml:20:5-43
	android:targetSdkVersion
		INJECTED from src/main/AndroidManifest.xml
		INJECTED from src/main/AndroidManifest.xml
	android:minSdkVersion
		INJECTED from src/main/AndroidManifest.xml
		INJECTED from src/main/AndroidManifest.xml
activity#com.ndco.ncameralib.camerasample.MainCameraActivity
ADDED from [CameraNdco:ncameralib:unspecified] AndroidManifest.xml:26:9-32:20
	android:screenOrientation
		ADDED from [CameraNdco:ncameralib:unspecified] AndroidManifest.xml:28:13-49
	android:name
		ADDED from [CameraNdco:ncameralib:unspecified] AndroidManifest.xml:27:13-79
activity#com.ndco.ncameralib.camerasample.Demo1CameraActivity
ADDED from [CameraNdco:ncameralib:unspecified] AndroidManifest.xml:33:9-39:20
	android:screenOrientation
		ADDED from [CameraNdco:ncameralib:unspecified] AndroidManifest.xml:35:13-50
	android:name
		ADDED from [CameraNdco:ncameralib:unspecified] AndroidManifest.xml:34:13-80